#
# There is insufficient memory for the Java Runtime Environment to continue.
# Native memory allocation (mmap) failed to map 268435456 bytes. Error detail: G1 virtual space
# Possible reasons:
#   The system is out of physical RAM or swap space
#   This process is running with CompressedOops enabled, and the Java Heap may be blocking the growth of the native heap
# Possible solutions:
#   Reduce memory load on the system
#   Increase physical memory or swap space
#   Check if swap backing store is full
#   Decrease Java heap size (-Xmx/-Xms)
#   Decrease number of Java threads
#   Decrease Java thread stack sizes (-Xss)
#   Set larger code cache with -XX:ReservedCodeCacheSize=
#   JVM is running with Zero Based Compressed Oops mode in which the Java heap is
#     placed in the first 32GB address space. The Java Heap base address is the
#     maximum limit for the native heap growth. Please use -XX:HeapBaseMinAddress
#     to set the Java Heap base and to place the Java Heap above 32GB virtual address.
# This output file may be truncated or incomplete.
#
#  Out of Memory Error (os_windows.cpp:3825), pid=14852, tid=4140
#
# JRE version:  (17.0.11) (build )
# Java VM: OpenJDK 64-Bit Server VM (17.0.11+0--11852314, mixed mode, sharing, tiered, compressed oops, compressed class ptrs, g1 gc, windows-amd64)
# No core dump will be written. Minidumps are not enabled by default on client versions of Windows
#

---------------  S U M M A R Y ------------

Command Line: git4idea.http.GitAskPassApp Username for 'https://github.com': 

Host: Intel(R) Core(TM) i7-7700 CPU @ 3.60GHz, 8 cores, 15G,  Windows 10 , 64 bit Build 19041 (10.0.19041.4957)
Time: Fri Nov  1 16:44:44 2024 Eastern Daylight Time elapsed time: 0.012895 seconds (0d 0h 0m 0s)

---------------  T H R E A D  ---------------

Current thread (0x000001e685410bc0):  JavaThread "Unknown thread" [_thread_in_vm, id=4140, stack(0x00000019f5100000,0x00000019f5200000)]

Stack: [0x00000019f5100000,0x00000019f5200000]
Native frames: (J=compiled Java code, j=interpreted, Vv=VM code, C=native code)
V  [jvm.dll+0x687bb9]
V  [jvm.dll+0x84142a]
V  [jvm.dll+0x8430ae]
V  [jvm.dll+0x843713]
V  [jvm.dll+0x24a35f]
V  [jvm.dll+0x684989]
V  [jvm.dll+0x67923a]
V  [jvm.dll+0x30af0b]
V  [jvm.dll+0x3123b6]
V  [jvm.dll+0x361dfe]
V  [jvm.dll+0x36202f]
V  [jvm.dll+0x2e0d38]
V  [jvm.dll+0x2e1ca4]
V  [jvm.dll+0x811f21]
V  [jvm.dll+0x36fb68]
V  [jvm.dll+0x7f0896]
V  [jvm.dll+0x3f3d2f]
V  [jvm.dll+0x3f58e1]
C  [jli.dll+0x528f]
C  [ucrtbase.dll+0x21bb2]
C  [KERNEL32.DLL+0x17374]
C  [ntdll.dll+0x4cc91]


---------------  P R O C E S S  ---------------

Threads class SMR info:
_java_thread_list=0x00007fffe49eefd8, length=0, elements={
}

Java Threads: ( => current thread )

Other Threads:
  0x000001e68547c150 GCTaskThread "GC Thread#0" [stack: 0x00000019f5200000,0x00000019f5300000] [id=14968]
  0x000001e68548cef0 ConcurrentGCThread "G1 Main Marker" [stack: 0x00000019f5300000,0x00000019f5400000] [id=1628]
  0x000001e68548dfd0 ConcurrentGCThread "G1 Conc#0" [stack: 0x00000019f5400000,0x00000019f5500000] [id=14100]

[error occurred during error reporting (printing all threads), id 0xc0000005, EXCEPTION_ACCESS_VIOLATION (0xc0000005) at pc=0x00007fffe41a1907]

VM state: not at safepoint (not fully initialized)

VM Mutex/Monitor currently owned by a thread:  ([mutex/lock_event])
[0x000001e68540b8e0] Heap_lock - owner thread: 0x000001e685410bc0

Heap address: 0x0000000700c00000, size: 4084 MB, Compressed Oops mode: Zero based, Oop shift amount: 3

CDS archive(s) mapped at: [0x0000000000000000-0x0000000000000000-0x0000000000000000), size 0, SharedBaseAddress: 0x0000000800000000, ArchiveRelocationMode: 1.
Narrow klass base: 0x0000000000000000, Narrow klass shift: 0, Narrow klass range: 0x0

GC Precious Log:
<Empty>

Heap:
 garbage-first heap   total 0K, used 0K [0x0000000700c00000, 0x0000000800000000)
  region size 2048K, 0 young (0K), 0 survivors (0K)
 Metaspace       used 0K, committed 0K, reserved 0K
  class space    used 0K, committed 0K, reserved 0K

Heap Regions: E=young(eden), S=young(survivor), O=old, HS=humongous(starts), HC=humongous(continues), CS=collection set, F=free, OA=open archive, CA=closed archive, TAMS=top-at-mark-start (previous, next)

Card table byte_map: [0x000001e698420000,0x000001e698c20000] _byte_map_base: 0x000001e694c1a000

Marking Bits (Prev, Next): (CMBitMap*) 0x000001e68547c680, (CMBitMap*) 0x000001e68547c6c0
 Prev Bits: [0x000001e699420000, 0x000001e69d3f0000)
 Next Bits: [0x000001e69d3f0000, 0x000001e6a13c0000)

GC Heap History (0 events):
No events

Dll operation events (1 events):
Event: 0.007 Loaded shared library D:\Program Files\Android\Android Studio\jbr\bin\java.dll

Deoptimization events (0 events):
No events

Classes unloaded (0 events):
No events

Classes redefined (0 events):
No events

Internal exceptions (0 events):
No events

VM Operations (0 events):
No events

Events (0 events):
No events


Dynamic libraries:
0x00007ff7c2500000 - 0x00007ff7c250a000 	D:\Program Files\Android\Android Studio\jbr\bin\java.exe
0x00007ff830ad0000 - 0x00007ff830cc8000 	C:\Windows\SYSTEM32\ntdll.dll
0x00007ff82f760000 - 0x00007ff82f822000 	C:\Windows\System32\KERNEL32.DLL
0x00007ff82e580000 - 0x00007ff82e87e000 	C:\Windows\System32\KERNELBASE.dll
0x00007ff82e480000 - 0x00007ff82e580000 	C:\Windows\System32\ucrtbase.dll
0x00007ff80dcc0000 - 0x00007ff80dcd7000 	D:\Program Files\Android\Android Studio\jbr\bin\jli.dll
0x00007ff80aad0000 - 0x00007ff80aaeb000 	D:\Program Files\Android\Android Studio\jbr\bin\VCRUNTIME140.dll
0x00007ff82f830000 - 0x00007ff82f9cd000 	C:\Windows\System32\USER32.dll
0x00007ff82ea70000 - 0x00007ff82ea92000 	C:\Windows\System32\win32u.dll
0x00007ff8183d0000 - 0x00007ff81866a000 	C:\Windows\WinSxS\amd64_microsoft.windows.common-controls_6595b64144ccf1df_6.0.19041.4355_none_60b8b9eb71f62e16\COMCTL32.dll
0x00007ff82f120000 - 0x00007ff82f14b000 	C:\Windows\System32\GDI32.dll
0x00007ff82f5b0000 - 0x00007ff82f64e000 	C:\Windows\System32\msvcrt.dll
0x00007ff82e950000 - 0x00007ff82ea67000 	C:\Windows\System32\gdi32full.dll
0x00007ff82e8b0000 - 0x00007ff82e94d000 	C:\Windows\System32\msvcp_win.dll
0x00007ff8302f0000 - 0x00007ff83031f000 	C:\Windows\System32\IMM32.DLL
0x00007ff80acf0000 - 0x00007ff80acfc000 	D:\Program Files\Android\Android Studio\jbr\bin\vcruntime140_1.dll
0x00007fffa10b0000 - 0x00007fffa113d000 	D:\Program Files\Android\Android Studio\jbr\bin\msvcp140.dll
0x00007fffe3eb0000 - 0x00007fffe4b33000 	D:\Program Files\Android\Android Studio\jbr\bin\server\jvm.dll
0x00007ff82f060000 - 0x00007ff82f112000 	C:\Windows\System32\ADVAPI32.dll
0x00007ff82f510000 - 0x00007ff82f5b0000 	C:\Windows\System32\sechost.dll
0x00007ff82f9e0000 - 0x00007ff82fb03000 	C:\Windows\System32\RPCRT4.dll
0x00007ff82e880000 - 0x00007ff82e8a7000 	C:\Windows\System32\bcrypt.dll
0x00007ff81ef90000 - 0x00007ff81efb7000 	C:\Windows\SYSTEM32\WINMM.dll
0x00007ff82d700000 - 0x00007ff82d74b000 	C:\Windows\SYSTEM32\POWRPROF.dll
0x00007ff814fa0000 - 0x00007ff814fa9000 	C:\Windows\SYSTEM32\WSOCK32.dll
0x00007ff82fd90000 - 0x00007ff82fdfb000 	C:\Windows\System32\WS2_32.dll
0x00007ff827280000 - 0x00007ff82728a000 	C:\Windows\SYSTEM32\VERSION.dll
0x00007ff82d570000 - 0x00007ff82d582000 	C:\Windows\SYSTEM32\UMPDC.dll
0x00007ff82c010000 - 0x00007ff82c022000 	C:\Windows\SYSTEM32\kernel.appcore.dll
0x00007ff82a8c0000 - 0x00007ff82a8ca000 	D:\Program Files\Android\Android Studio\jbr\bin\jimage.dll
0x00007ff81e650000 - 0x00007ff81e834000 	C:\Windows\SYSTEM32\DBGHELP.DLL
0x00007ff813cc0000 - 0x00007ff813cf4000 	C:\Windows\SYSTEM32\dbgcore.DLL
0x00007ff82e3f0000 - 0x00007ff82e472000 	C:\Windows\System32\bcryptPrimitives.dll
0x00007ff812ea0000 - 0x00007ff812ec5000 	D:\Program Files\Android\Android Studio\jbr\bin\java.dll

dbghelp: loaded successfully - version: 4.0.5 - missing functions: none
symbol engine: initialized successfully - sym options: 0x614 - pdb path: .;D:\Program Files\Android\Android Studio\jbr\bin;C:\Windows\SYSTEM32;C:\Windows\WinSxS\amd64_microsoft.windows.common-controls_6595b64144ccf1df_6.0.19041.4355_none_60b8b9eb71f62e16;D:\Program Files\Android\Android Studio\jbr\bin\server

VM Arguments:
java_command: git4idea.http.GitAskPassApp Username for 'https://github.com': 
java_class_path (initial): D:/Program Files/Android/Android Studio/plugins/vcs-git/lib/git4idea-rt.jar;D:/Program Files/Android/Android Studio/lib/externalProcess-rt.jar
Launcher Type: SUN_STANDARD

[Global flags]
     intx CICompilerCount                          = 4                                         {product} {ergonomic}
     uint ConcGCThreads                            = 2                                         {product} {ergonomic}
     uint G1ConcRefinementThreads                  = 8                                         {product} {ergonomic}
   size_t G1HeapRegionSize                         = 2097152                                   {product} {ergonomic}
    uintx GCDrainStackTargetSize                   = 64                                        {product} {ergonomic}
   size_t InitialHeapSize                          = 268435456                                 {product} {ergonomic}
   size_t MarkStackSize                            = 4194304                                   {product} {ergonomic}
   size_t MaxHeapSize                              = 4282384384                                {product} {ergonomic}
   size_t MinHeapDeltaBytes                        = 2097152                                   {product} {ergonomic}
   size_t MinHeapSize                              = 8388608                                   {product} {ergonomic}
    uintx NonNMethodCodeHeapSize                   = 5839372                                {pd product} {ergonomic}
    uintx NonProfiledCodeHeapSize                  = 122909434                              {pd product} {ergonomic}
    uintx ProfiledCodeHeapSize                     = 122909434                              {pd product} {ergonomic}
    uintx ReservedCodeCacheSize                    = 251658240                              {pd product} {ergonomic}
     bool SegmentedCodeCache                       = true                                      {product} {ergonomic}
   size_t SoftMaxHeapSize                          = 4282384384                             {manageable} {ergonomic}
     bool UseCompressedClassPointers               = true                           {product lp64_product} {ergonomic}
     bool UseCompressedOops                        = true                           {product lp64_product} {ergonomic}
     bool UseG1GC                                  = true                                      {product} {ergonomic}
     bool UseLargePagesIndividualAllocation        = false                                  {pd product} {ergonomic}

Logging:
Log output configuration:
 #0: stdout all=warning uptime,level,tags
 #1: stderr all=off uptime,level,tags

Environment Variables:
PATH=C:\Users\Dan\AppData\Local\Programs\Git\mingw64\libexec\git-core;C:\Users\Dan\AppData\Local\Programs\Git\mingw64\libexec\git-core;C:\Users\Dan\AppData\Local\Programs\Git\mingw64\bin;C:\Users\Dan\AppData\Local\Programs\Git\usr\bin;C:\Users\Dan\bin;C:\Windows\system32;C:\Windows;C:\Windows\System32\Wbem;C:\Windows\System32\WindowsPowerShell\v1.0;C:\Windows\System32\OpenSSH;C:\Users\Dan\Documents\Apps;C:\Program Files (x86)\Common Files\Acronis\VirtualFile;C:\Program Files (x86)\Common Files\Acronis\VirtualFile64;C:\Program Files (x86)\Common Files\Acronis\SnapAPI;C:\Program Files (x86)\NVIDIA Corporation\PhysX\Common;C:\Program Files\NVIDIA Corporation\NVIDIA NvDLISR;C:\Program Files (x86)\gnupg\bin;C:\Program Files\nodejs;C:\Users\Dan\AppData\Local\Programs\Python\Python39\Scripts;C:\Users\Dan\AppData\Local\Programs\Python\Python39;C:\Users\Dan\AppData\Local\Microsoft\WindowsApps;C:\Users\Dan\AppData\Local\Programs\Microsoft VS Code\bin;C:\ChromeDriver;C:\Users\Dan\AppData\Local\Programs\Git\cmd;C:\Users\Dan\AppData\Roaming\npm;D:\Users\Dan\AppData\Local\Android\Sdk;D:\Users\Dan\AppData\Local\Android\Sdk\platform-tools
USERNAME=Dan
DISPLAY=:0.0
LC_ALL=en_US.UTF-8
TERM=xterm-256color
TMPDIR=C:\Users\Dan\AppData\Local\Temp
OS=Windows_NT
PROCESSOR_IDENTIFIER=Intel64 Family 6 Model 158 Stepping 9, GenuineIntel
TMP=C:\Users\Dan\AppData\Local\Temp
TEMP=C:\Users\Dan\AppData\Local\Temp



Periodic native trim disabled

JNI global refs:
JNI global refs: 0, weak refs: 0

JNI global refs memory usage: 0, weak refs: 0

Process memory usage:
Resident Set Size: 11408K (0% of 16720824K total physical memory with 2928460K free physical memory)

OOME stack traces (most recent first):
Classloader memory used:


---------------  S Y S T E M  ---------------

OS:
 Windows 10 , 64 bit Build 19041 (10.0.19041.4957)
OS uptime: 0 days 5:38 hours

CPU: total 8 (initial active 8) (4 cores per cpu, 2 threads per core) family 6 model 158 stepping 9 microcode 0xb4, cx8, cmov, fxsr, ht, mmx, 3dnowpref, sse, sse2, sse3, ssse3, sse4.1, sse4.2, popcnt, lzcnt, tsc, tscinvbit, avx, avx2, aes, erms, clmul, bmi1, bmi2, rtm, adx, fma, vzeroupper, clflush, clflushopt
Processor Information for all 8 processors :
  Max Mhz: 3600, Current Mhz: 3500, Mhz Limit: 3600

Memory: 4k page, system-wide physical 16328M (2859M free)
TotalPageFile size 16328M (AvailPageFile size 41M)
current process WorkingSet (physical memory assigned to process): 11M, peak: 11M
current process commit charge ("private bytes"): 60M, peak: 316M

vm_info: OpenJDK 64-Bit Server VM (17.0.11+0--11852314) for windows-amd64 JRE (17.0.11+0--11852314), built on May 16 2024 21:29:20 by "androidbuild" with MS VC++ 16.10 / 16.11 (VS2019)

END.
