#
# There is insufficient memory for the Java Runtime Environment to continue.
# Native memory allocation (mmap) failed to map 268435456 bytes. Error detail: G1 virtual space
# Possible reasons:
#   The system is out of physical RAM or swap space
#   This process is running with CompressedOops enabled, and the Java Heap may be blocking the growth of the native heap
# Possible solutions:
#   Reduce memory load on the system
#   Increase physical memory or swap space
#   Check if swap backing store is full
#   Decrease Java heap size (-Xmx/-Xms)
#   Decrease number of Java threads
#   Decrease Java thread stack sizes (-Xss)
#   Set larger code cache with -XX:ReservedCodeCacheSize=
#   JVM is running with Zero Based Compressed Oops mode in which the Java heap is
#     placed in the first 32GB address space. The Java Heap base address is the
#     maximum limit for the native heap growth. Please use -XX:HeapBaseMinAddress
#     to set the Java Heap base and to place the Java Heap above 32GB virtual address.
# This output file may be truncated or incomplete.
#
#  Out of Memory Error (os_windows.cpp:3825), pid=9708, tid=15096
#
# JRE version:  (17.0.11) (build )
# Java VM: OpenJDK 64-Bit Server VM (17.0.11+0--11852314, mixed mode, sharing, tiered, compressed oops, compressed class ptrs, g1 gc, windows-amd64)
# No core dump will be written. Minidumps are not enabled by default on client versions of Windows
#

---------------  S U M M A R Y ------------

Command Line: git4idea.http.GitAskPassApp Username for 'https://github.com': 

Host: Intel(R) Core(TM) i7-7700 CPU @ 3.60GHz, 8 cores, 15G,  Windows 10 , 64 bit Build 19041 (10.0.19041.4957)
Time: Sun Nov  3 16:55:55 2024 Eastern Standard Time elapsed time: 0.010592 seconds (0d 0h 0m 0s)

---------------  T H R E A D  ---------------

Current thread (0x000001da1fd72a10):  JavaThread "Unknown thread" [_thread_in_vm, id=15096, stack(0x0000008f31300000,0x0000008f31400000)]

Stack: [0x0000008f31300000,0x0000008f31400000]
Native frames: (J=compiled Java code, j=interpreted, Vv=VM code, C=native code)
V  [jvm.dll+0x687bb9]
V  [jvm.dll+0x84142a]
V  [jvm.dll+0x8430ae]
V  [jvm.dll+0x843713]
V  [jvm.dll+0x24a35f]
V  [jvm.dll+0x684989]
V  [jvm.dll+0x67923a]
V  [jvm.dll+0x30af0b]
V  [jvm.dll+0x3123b6]
V  [jvm.dll+0x361dfe]
V  [jvm.dll+0x36202f]
V  [jvm.dll+0x2e0d38]
V  [jvm.dll+0x2e1ca4]
V  [jvm.dll+0x811f21]
V  [jvm.dll+0x36fb68]
V  [jvm.dll+0x7f0896]
V  [jvm.dll+0x3f3d2f]
V  [jvm.dll+0x3f58e1]
C  [jli.dll+0x528f]
C  [ucrtbase.dll+0x21bb2]
C  [KERNEL32.DLL+0x17374]
C  [ntdll.dll+0x4cc91]


---------------  P R O C E S S  ---------------

Threads class SMR info:
_java_thread_list=0x00007ff99254efd8, length=0, elements={
}

Java Threads: ( => current thread )

Other Threads:
  0x000001da1fddafd0 GCTaskThread "GC Thread#0" [stack: 0x0000008f31400000,0x0000008f31500000] [id=1996]
  0x000001da1fdecd80 ConcurrentGCThread "G1 Main Marker" [stack: 0x0000008f31500000,0x0000008f31600000] [id=16072]
  0x000001da1fdede50 ConcurrentGCThread "G1 Conc#0" [stack: 0x0000008f31600000,0x0000008f31700000] [id=10524]

[error occurred during error reporting (printing all threads), id 0xc0000005, EXCEPTION_ACCESS_VIOLATION (0xc0000005) at pc=0x00007ff991d01907]

VM state: not at safepoint (not fully initialized)

VM Mutex/Monitor currently owned by a thread:  ([mutex/lock_event])
[0x000001da1fd70360] Heap_lock - owner thread: 0x000001da1fd72a10

Heap address: 0x0000000700c00000, size: 4084 MB, Compressed Oops mode: Zero based, Oop shift amount: 3

CDS archive(s) mapped at: [0x0000000000000000-0x0000000000000000-0x0000000000000000), size 0, SharedBaseAddress: 0x0000000800000000, ArchiveRelocationMode: 1.
Narrow klass base: 0x0000000000000000, Narrow klass shift: 0, Narrow klass range: 0x0

GC Precious Log:
<Empty>

Heap:
 garbage-first heap   total 0K, used 0K [0x0000000700c00000, 0x0000000800000000)
  region size 2048K, 0 young (0K), 0 survivors (0K)
 Metaspace       used 0K, committed 0K, reserved 0K
  class space    used 0K, committed 0K, reserved 0K

Heap Regions: E=young(eden), S=young(survivor), O=old, HS=humongous(starts), HC=humongous(continues), CS=collection set, F=free, OA=open archive, CA=closed archive, TAMS=top-at-mark-start (previous, next)

Card table byte_map: [0x000001da34ca0000,0x000001da354a0000] _byte_map_base: 0x000001da3149a000

Marking Bits (Prev, Next): (CMBitMap*) 0x000001da1fddc510, (CMBitMap*) 0x000001da1fddc550
 Prev Bits: [0x000001da35ca0000, 0x000001da39c70000)
 Next Bits: [0x000001da39c70000, 0x000001da3dc40000)

GC Heap History (0 events):
No events

Dll operation events (1 events):
Event: 0.006 Loaded shared library D:\Program Files\Android\Android Studio\jbr\bin\java.dll

Deoptimization events (0 events):
No events

Classes unloaded (0 events):
No events

Classes redefined (0 events):
No events

Internal exceptions (0 events):
No events

VM Operations (0 events):
No events

Events (0 events):
No events


Dynamic libraries:
0x00007ff795920000 - 0x00007ff79592a000 	D:\Program Files\Android\Android Studio\jbr\bin\java.exe
0x00007ff9db2d0000 - 0x00007ff9db4c8000 	C:\Windows\SYSTEM32\ntdll.dll
0x00007ff9d9500000 - 0x00007ff9d95c2000 	C:\Windows\System32\KERNEL32.DLL
0x00007ff9d8ff0000 - 0x00007ff9d92ee000 	C:\Windows\System32\KERNELBASE.dll
0x00007ff9d8970000 - 0x00007ff9d8a70000 	C:\Windows\System32\ucrtbase.dll
0x00007ff9d4df0000 - 0x00007ff9d4e0b000 	D:\Program Files\Android\Android Studio\jbr\bin\VCRUNTIME140.dll
0x00007ff990ed0000 - 0x00007ff990ee7000 	D:\Program Files\Android\Android Studio\jbr\bin\jli.dll
0x00007ff9dae00000 - 0x00007ff9daf9d000 	C:\Windows\System32\USER32.dll
0x00007ff9ce430000 - 0x00007ff9ce6ca000 	C:\Windows\WinSxS\amd64_microsoft.windows.common-controls_6595b64144ccf1df_6.0.19041.4355_none_60b8b9eb71f62e16\COMCTL32.dll
0x00007ff9d8bf0000 - 0x00007ff9d8c12000 	C:\Windows\System32\win32u.dll
0x00007ff9da4c0000 - 0x00007ff9da4eb000 	C:\Windows\System32\GDI32.dll
0x00007ff9dafa0000 - 0x00007ff9db03e000 	C:\Windows\System32\msvcrt.dll
0x00007ff9d8c20000 - 0x00007ff9d8d37000 	C:\Windows\System32\gdi32full.dll
0x00007ff9d8a70000 - 0x00007ff9d8b0d000 	C:\Windows\System32\msvcp_win.dll
0x00007ff9db0c0000 - 0x00007ff9db0ef000 	C:\Windows\System32\IMM32.DLL
0x00007ff9d42b0000 - 0x00007ff9d42bc000 	D:\Program Files\Android\Android Studio\jbr\bin\vcruntime140_1.dll
0x00007ff9ce240000 - 0x00007ff9ce2cd000 	D:\Program Files\Android\Android Studio\jbr\bin\msvcp140.dll
0x00007ff991a10000 - 0x00007ff992693000 	D:\Program Files\Android\Android Studio\jbr\bin\server\jvm.dll
0x00007ff9dad40000 - 0x00007ff9dadf2000 	C:\Windows\System32\ADVAPI32.dll
0x00007ff9d9460000 - 0x00007ff9d9500000 	C:\Windows\System32\sechost.dll
0x00007ff9dac10000 - 0x00007ff9dad33000 	C:\Windows\System32\RPCRT4.dll
0x00007ff9d8f50000 - 0x00007ff9d8f77000 	C:\Windows\System32\bcrypt.dll
0x00007ff9d7eb0000 - 0x00007ff9d7efb000 	C:\Windows\SYSTEM32\POWRPROF.dll
0x00007ff9bf370000 - 0x00007ff9bf379000 	C:\Windows\SYSTEM32\WSOCK32.dll
0x00007ff9c7620000 - 0x00007ff9c7647000 	C:\Windows\SYSTEM32\WINMM.dll
0x00007ff9d2020000 - 0x00007ff9d202a000 	C:\Windows\SYSTEM32\VERSION.dll
0x00007ff9db0f0000 - 0x00007ff9db15b000 	C:\Windows\System32\WS2_32.dll
0x00007ff9d7d70000 - 0x00007ff9d7d82000 	C:\Windows\SYSTEM32\UMPDC.dll
0x00007ff9d6800000 - 0x00007ff9d6812000 	C:\Windows\SYSTEM32\kernel.appcore.dll
0x00007ff9bba30000 - 0x00007ff9bba3a000 	D:\Program Files\Android\Android Studio\jbr\bin\jimage.dll
0x00007ff9c6ac0000 - 0x00007ff9c6ca4000 	C:\Windows\SYSTEM32\DBGHELP.DLL
0x00007ff9bfb80000 - 0x00007ff9bfbb4000 	C:\Windows\SYSTEM32\dbgcore.DLL
0x00007ff9d8b60000 - 0x00007ff9d8be2000 	C:\Windows\System32\bcryptPrimitives.dll
0x00007ff992db0000 - 0x00007ff992dd5000 	D:\Program Files\Android\Android Studio\jbr\bin\java.dll

dbghelp: loaded successfully - version: 4.0.5 - missing functions: none
symbol engine: initialized successfully - sym options: 0x614 - pdb path: .;D:\Program Files\Android\Android Studio\jbr\bin;C:\Windows\SYSTEM32;C:\Windows\WinSxS\amd64_microsoft.windows.common-controls_6595b64144ccf1df_6.0.19041.4355_none_60b8b9eb71f62e16;D:\Program Files\Android\Android Studio\jbr\bin\server

VM Arguments:
java_command: git4idea.http.GitAskPassApp Username for 'https://github.com': 
java_class_path (initial): D:/Program Files/Android/Android Studio/plugins/vcs-git/lib/git4idea-rt.jar;D:/Program Files/Android/Android Studio/lib/externalProcess-rt.jar
Launcher Type: SUN_STANDARD

[Global flags]
     intx CICompilerCount                          = 4                                         {product} {ergonomic}
     uint ConcGCThreads                            = 2                                         {product} {ergonomic}
     uint G1ConcRefinementThreads                  = 8                                         {product} {ergonomic}
   size_t G1HeapRegionSize                         = 2097152                                   {product} {ergonomic}
    uintx GCDrainStackTargetSize                   = 64                                        {product} {ergonomic}
   size_t InitialHeapSize                          = 268435456                                 {product} {ergonomic}
   size_t MarkStackSize                            = 4194304                                   {product} {ergonomic}
   size_t MaxHeapSize                              = 4282384384                                {product} {ergonomic}
   size_t MinHeapDeltaBytes                        = 2097152                                   {product} {ergonomic}
   size_t MinHeapSize                              = 8388608                                   {product} {ergonomic}
    uintx NonNMethodCodeHeapSize                   = 5839372                                {pd product} {ergonomic}
    uintx NonProfiledCodeHeapSize                  = 122909434                              {pd product} {ergonomic}
    uintx ProfiledCodeHeapSize                     = 122909434                              {pd product} {ergonomic}
    uintx ReservedCodeCacheSize                    = 251658240                              {pd product} {ergonomic}
     bool SegmentedCodeCache                       = true                                      {product} {ergonomic}
   size_t SoftMaxHeapSize                          = 4282384384                             {manageable} {ergonomic}
     bool UseCompressedClassPointers               = true                           {product lp64_product} {ergonomic}
     bool UseCompressedOops                        = true                           {product lp64_product} {ergonomic}
     bool UseG1GC                                  = true                                      {product} {ergonomic}
     bool UseLargePagesIndividualAllocation        = false                                  {pd product} {ergonomic}

Logging:
Log output configuration:
 #0: stdout all=warning uptime,level,tags
 #1: stderr all=off uptime,level,tags

Environment Variables:
PATH=C:\Users\Dan\AppData\Local\Programs\Git\mingw64\libexec\git-core;C:\Users\Dan\AppData\Local\Programs\Git\mingw64\libexec\git-core;C:\Users\Dan\AppData\Local\Programs\Git\mingw64\bin;C:\Users\Dan\AppData\Local\Programs\Git\usr\bin;C:\Users\Dan\bin;C:\Windows\system32;C:\Windows;C:\Windows\System32\Wbem;C:\Windows\System32\WindowsPowerShell\v1.0;C:\Windows\System32\OpenSSH;C:\Users\Dan\Documents\Apps;C:\Program Files (x86)\Common Files\Acronis\VirtualFile;C:\Program Files (x86)\Common Files\Acronis\VirtualFile64;C:\Program Files (x86)\Common Files\Acronis\SnapAPI;C:\Program Files (x86)\NVIDIA Corporation\PhysX\Common;C:\Program Files\NVIDIA Corporation\NVIDIA NvDLISR;C:\Program Files (x86)\gnupg\bin;C:\Program Files\nodejs;C:\Users\Dan\AppData\Local\Programs\Python\Python39\Scripts;C:\Users\Dan\AppData\Local\Programs\Python\Python39;C:\Users\Dan\AppData\Local\Microsoft\WindowsApps;C:\Users\Dan\AppData\Local\Programs\Microsoft VS Code\bin;C:\ChromeDriver;C:\Users\Dan\AppData\Local\Programs\Git\cmd;C:\Users\Dan\AppData\Roaming\npm;D:\Users\Dan\AppData\Local\Android\Sdk;D:\Users\Dan\AppData\Local\Android\Sdk\platform-tools
USERNAME=Dan
DISPLAY=:0.0
LC_ALL=en_US.UTF-8
TERM=xterm-256color
TMPDIR=C:\Users\Dan\AppData\Local\Temp
OS=Windows_NT
PROCESSOR_IDENTIFIER=Intel64 Family 6 Model 158 Stepping 9, GenuineIntel
TMP=C:\Users\Dan\AppData\Local\Temp
TEMP=C:\Users\Dan\AppData\Local\Temp



Periodic native trim disabled

JNI global refs:
JNI global refs: 0, weak refs: 0

JNI global refs memory usage: 0, weak refs: 0

Process memory usage:
Resident Set Size: 10912K (0% of 16720824K total physical memory with 2158768K free physical memory)

OOME stack traces (most recent first):
Classloader memory used:


---------------  S Y S T E M  ---------------

OS:
 Windows 10 , 64 bit Build 19041 (10.0.19041.4957)
OS uptime: 0 days 1:01 hours

CPU: total 8 (initial active 8) (4 cores per cpu, 2 threads per core) family 6 model 158 stepping 9 microcode 0xb4, cx8, cmov, fxsr, ht, mmx, 3dnowpref, sse, sse2, sse3, ssse3, sse4.1, sse4.2, popcnt, lzcnt, tsc, tscinvbit, avx, avx2, aes, erms, clmul, bmi1, bmi2, rtm, adx, fma, vzeroupper, clflush, clflushopt
Processor Information for all 8 processors :
  Max Mhz: 3600, Current Mhz: 3500, Mhz Limit: 3600

Memory: 4k page, system-wide physical 16328M (2108M free)
TotalPageFile size 16328M (AvailPageFile size 20M)
current process WorkingSet (physical memory assigned to process): 10M, peak: 10M
current process commit charge ("private bytes"): 60M, peak: 316M

vm_info: OpenJDK 64-Bit Server VM (17.0.11+0--11852314) for windows-amd64 JRE (17.0.11+0--11852314), built on May 16 2024 21:29:20 by "androidbuild" with MS VC++ 16.10 / 16.11 (VS2019)

END.
